<?xml version="1.0" encoding="UTF-8"?>
<!-- Generated by org.testng.reporters.JUnitXMLReporter -->
<testsuite ignored="0" hostname="DESKTOP-OS0ETNG" failures="0" tests="10" name="Test" time="20.812" errors="0" timestamp="26 Apr 2021 01:50:20 GMT">
  <testcase classname="java4.TestLogin" name="TestLogin_1" time="3.085"/>
  <testcase classname="java4.TestLogin" name="TestLogin_2" time="1.466"/>
  <testcase classname="java4.TestLogin" name="TestLogin_3" time="1.443"/>
  <testcase classname="java4.TestLogin" name="TestLogin_4" time="1.546"/>
  <testcase classname="java4.TestLogin" name="TestLogin_5" time="1.616"/>
  <testcase classname="java4.TestLogin" name="TestLogin_6" time="1.574"/>
  <testcase classname="java4.TestLogin" name="TestLogin_7" time="1.889"/>
  <testcase classname="java4.TestLogin" name="TestLogin_8" time="1.438"/>
  <testcase classname="java4.TestLogin" name="TestLogin_9" time="1.585"/>
  <testcase classname="java4.TestLogin" name="TestLogin_10" time="1.752"/>
</testsuite> <!-- Test -->
